<?xml version="1.0" encoding="UTF-8"?>
<!-- Generated by org.testng.reporters.JUnitReportReporter -->
<testsuite hostname="Syeds" failures="0" tests="1" name="restAssuredTests.testGet" time="6.212" errors="0" timestamp="2022-01-21T01:59:27 CST" skipped="0">
  <testcase classname="restAssuredTests.testGet" name="getInfo" time="6.212"/>
  <system-out/>
</testsuite> <!-- restAssuredTests.testGet -->
